<?xml version="1.0" encoding="UTF-8"?>
<testsuite name="LongestPolindromeTest" tests="8" skipped="0" failures="0" errors="0" timestamp="2020-03-29T01:46:14" hostname="Tongs-MBP-2" time="0.036">
  <properties/>
  <testcase name="[0] abcdedcba, abcdedcba (findsLongestPolindromeOdd)" classname="LongestPolindromeTest" time="0.03"/>
  <testcase name="[1] abc,  (findsLongestPolindromeOdd)" classname="LongestPolindromeTest" time="0.0"/>
  <testcase name="[2] aaqqaa,  (findsLongestPolindromeOdd)" classname="LongestPolindromeTest" time="0.0"/>
  <testcase name="[3] abcdxyxx, xyx (findsLongestPolindromeOdd)" classname="LongestPolindromeTest" time="0.0"/>
  <testcase name="[0] abcdedcba,  (findsLongestPolindromeEven)" classname="LongestPolindromeTest" time="0.0"/>
  <testcase name="[1] abc,  (findsLongestPolindromeEven)" classname="LongestPolindromeTest" time="0.0"/>
  <testcase name="[2] aaqqaa, aaqqaa (findsLongestPolindromeEven)" classname="LongestPolindromeTest" time="0.0"/>
  <testcase name="[3] abcdxyxx, xx (findsLongestPolindromeEven)" classname="LongestPolindromeTest" time="0.0"/>
  <system-out><![CDATA[]]></system-out>
  <system-err><![CDATA[]]></system-err>
</testsuite>
